[INFO]-[2022-08-09T13:42:09.943818+0300]
[DEBUG]-[2022-08-09T13:42:11.829608+0300]
[DEBUG]-[2022-08-09T13:42:18.821074+0300]
[DEBUG]-[2022-08-09T13:42:20.025054+0300]
[DEBUG]-[2022-08-09T13:42:23.702731+0300]
[WARNING]-[2022-08-09T14:01:00.527840+0300]
[INFO]-[2022-08-09T14:01:22.841941+0300]
[WARNING]-[2022-08-09T14:06:54.766448+0300]
[INFO]-[2022-08-09T14:12:27.295154+0300]
[WARNING]-[2022-08-09T14:12:42.828130+0300]
[INFO]-[2022-08-09T14:12:44.715960+0300]
[WARNING]-[2022-08-09T14:12:56.044462+0300]
[INFO]-[2022-08-09T14:12:57.968203+0300]
[WARNING]-[2022-08-09T14:13:01.220669+0300]
[INFO]-[2022-08-09T14:13:09.669944+0300]
[WARNING]-[2022-08-09T14:13:18.324186+0300]
[INFO]-[2022-08-09T14:13:19.702630+0300]
[WARNING]-[2022-08-09T14:14:04.027470+0300]
[INFO]-[2022-08-09T14:14:05.358582+0300]
[WARNING]-[2022-08-09T14:14:05.724488+0300]
[INFO]-[2022-08-09T14:14:29.107265+0300]
[WARNING]-[2022-08-09T14:14:31.619943+0300]
[INFO]-[2022-08-09T14:14:35.394954+0300]
[WARNING]-[2022-08-09T14:14:37.652227+0300]
[INFO]-[2022-08-09T14:15:14.268378+0300]
[WARNING]-[2022-08-09T14:15:16.091140+0300]
[INFO]-[2022-08-09T14:15:44.037600+0300]
[WARNING]-[2022-08-09T14:16:49.387723+0300]
[INFO]-[2022-08-09T14:16:50.610077+0300]
[WARNING]-[2022-08-09T14:16:51.130821+0300]
[INFO]-[2022-08-09T14:16:59.828781+0300]
[WARNING]-[2022-08-09T14:17:10.762626+0300]
[INFO]-[2022-08-09T14:17:12.053583+0300]
[WARNING]-[2022-08-09T14:17:34.106507+0300]
[INFO]-[2022-08-09T14:17:35.467410+0300]
[WARNING]-[2022-08-09T14:17:38.867467+0300]
[INFO]-[2022-08-09T14:17:40.449467+0300]
[WARNING]-[2022-08-09T14:17:40.522421+0300]
[INFO]-[2022-08-09T14:19:13.034713+0300]
[WARNING]-[2022-08-09T14:19:14.010554+0300]
[INFO]-[2022-08-09T14:19:21.202842+0300]
[WARNING]-[2022-08-09T14:19:29.274991+0300]
[INFO]-[2022-08-09T14:19:30.681584+0300]
[WARNING]-[2022-08-09T14:19:31.666940+0300]
[WARNING]-[2022-08-09T14:29:11.303363+0300]
[INFO]-[2022-08-09T14:29:51.491467+0300]
[WARNING]-[2022-08-09T14:29:58.432122+0300]
[INFO]-[2022-08-09T14:30:34.569415+0300]
[WARNING]-[2022-08-09T14:30:48.967733+0300]
[INFO]-[2022-08-09T14:32:04.471959+0300]
[WARNING]-[2022-08-09T14:32:05.471954+0300]
[WARNING]-[2022-08-09T14:32:18.679213+0300]
[INFO]-[2022-08-09T14:32:27.861036+0300]
[WARNING]-[2022-08-09T14:32:29.422935+0300]
[INFO]-[2022-08-09T14:33:04.235651+0300]
[WARNING]-[2022-08-09T14:33:49.286164+0300]
[INFO]-[2022-08-09T14:34:29.048092+0300]
[WARNING]-[2022-08-09T14:34:34.487275+0300]
[INFO]-[2022-08-09T14:34:35.877525+0300]
[WARNING]-[2022-08-09T14:34:49.493763+0300]
[INFO]-[2022-08-09T14:34:51.632379+0300]
[WARNING]-[2022-08-09T14:35:07.582465+0300]
[INFO]-[2022-08-09T14:35:09.160189+0300]
[WARNING]-[2022-08-09T14:35:10.798688+0300]
[INFO]-[2022-08-09T14:35:26.443058+0300]
[WARNING]-[2022-08-09T14:35:39.853690+0300]
[INFO]-[2022-08-09T14:35:41.410479+0300]
[WARNING]-[2022-08-09T14:35:47.509509+0300]
[INFO]-[2022-08-09T14:36:18.022786+0300]
[WARNING]-[2022-08-09T14:36:23.733961+0300]
[INFO]-[2022-08-09T14:36:30.154322+0300]
[WARNING]-[2022-08-09T14:36:32.046319+0300]
[INFO]-[2022-08-09T14:36:50.429671+0300]
[WARNING]-[2022-08-09T14:37:02.501155+0300]
[INFO]-[2022-08-09T14:37:03.739950+0300]
[WARNING]-[2022-08-09T14:37:05.446577+0300]
[INFO]-[2022-08-09T14:37:16.606253+0300]
[WARNING]-[2022-08-09T14:38:06.165239+0300]
[INFO]-[2022-08-09T14:38:07.396279+0300]
[WARNING]-[2022-08-09T14:38:08.429791+0300]
[INFO]-[2022-08-09T14:38:24.393688+0300]
[WARNING]-[2022-08-09T14:38:33.676736+0300]
[INFO]-[2022-08-09T14:38:35.804697+0300]
[WARNING]-[2022-08-09T14:38:44.692865+0300]
[INFO]-[2022-08-09T14:38:45.977850+0300]
[WARNING]-[2022-08-09T14:38:55.212638+0300]
[INFO]-[2022-08-09T14:38:56.388939+0300]
[WARNING]-[2022-08-09T14:39:40.868439+0300]
[INFO]-[2022-08-09T14:39:43.709282+0300]
[WARNING]-[2022-08-09T14:39:48.205310+0300]
[INFO]-[2022-08-09T14:39:50.579371+0300]
[WARNING]-[2022-08-09T14:40:01.237594+0300]
[INFO]-[2022-08-09T14:40:03.543529+0300]
[WARNING]-[2022-08-09T14:41:04.980320+0300]
[INFO]-[2022-08-09T14:41:06.245389+0300]
[WARNING]-[2022-08-09T14:41:40.132820+0300]
[INFO]-[2022-08-09T14:41:42.415515+0300]
[WARNING]-[2022-08-09T14:41:42.427882+0300]
[WARNING]-[2022-08-09T14:42:48.103189+0300]
[WARNING]-[2022-08-09T14:42:55.076183+0300]
[INFO]-[2022-08-09T14:43:31.208982+0300]
[WARNING]-[2022-08-09T14:43:34.387369+0300]
[INFO]-[2022-08-09T14:44:02.116587+0300]
[WARNING]-[2022-08-09T14:44:52.331545+0300]
[INFO]-[2022-08-09T14:45:27.698224+0300]
[WARNING]-[2022-08-09T14:45:29.362843+0300]
[INFO]-[2022-08-09T14:45:58.011958+0300]
[WARNING]-[2022-08-09T14:49:17.513894+0300]
[INFO]-[2022-08-09T14:49:20.197299+0300]
[WARNING]-[2022-08-09T14:49:28.850063+0300]
[INFO]-[2022-08-09T14:49:30.685436+0300]
[WARNING]-[2022-08-09T14:49:50.289637+0300]
[INFO]-[2022-08-09T14:54:19.337258+0300]
[WARNING]-[2022-08-09T14:54:20.305232+0300]
[INFO]-[2022-08-09T15:04:05.918627+0300]
[WARNING]-[2022-08-09T15:04:12.749684+0300]
[INFO]-[2022-08-09T15:04:14.115421+0300]
[WARNING]-[2022-08-09T15:04:47.070438+0300]
[INFO]-[2022-08-09T15:04:53.328566+0300]
[WARNING]-[2022-08-09T15:04:56.645714+0300]
[INFO]-[2022-08-09T15:07:03.761884+0300]
[WARNING]-[2022-08-09T15:07:04.892928+0300]
[INFO]-[2022-08-09T15:07:06.446607+0300]
[WARNING]-[2022-08-09T15:07:10.741764+0300]
[INFO]-[2022-08-09T15:07:11.997774+0300]
[WARNING]-[2022-08-09T15:07:14.060854+0300]
[INFO]-[2022-08-09T15:07:15.459926+0300]
[WARNING]-[2022-08-09T15:07:16.060829+0300]
[INFO]-[2022-08-09T15:07:35.113843+0300]
[INFO]-[2022-08-09T15:54:05.089275+0300]
[WARNING]-[2022-08-09T15:54:10.713539+0300]
[INFO]-[2022-08-09T15:54:31.945348+0300]
[WARNING]-[2022-08-09T15:54:33.993473+0300]
[INFO]-[2022-08-09T15:55:01.724649+0300]
[WARNING]-[2022-08-09T15:55:04.144638+0300]
[INFO]-[2022-08-09T15:56:40.439678+0300]
[DEBUG]-[2022-08-09T15:56:45.111962+0300]
[WARNING]-[2022-08-09T15:57:20.479917+0300]
[INFO]-[2022-08-09T19:05:20.184929+0300]
[DEBUG]-[2022-08-09T19:05:21.755986+0300]
[WARNING]-[2022-08-09T19:06:42.402583+0300]
[INFO]-[2022-08-09T19:06:43.525785+0300]
[DEBUG]-[2022-08-09T19:06:45.818583+0300]
[WARNING]-[2022-08-09T19:06:55.586266+0300]
[INFO]-[2022-08-09T19:07:00.219070+0300]
[DEBUG]-[2022-08-09T19:07:01.823112+0300]
[WARNING]-[2022-08-09T19:07:06.602208+0300]
[INFO]-[2022-08-09T19:07:09.041006+0300]
[DEBUG]-[2022-08-09T19:07:10.318639+0300]
[DEBUG]-[2022-08-09T19:07:34.073898+0300]
[WARNING]-[2022-08-09T19:08:08.505957+0300]
[INFO]-[2022-08-09T19:08:12.456535+0300]
[WARNING]-[2022-08-09T19:08:35.961839+0300]
[INFO]-[2022-08-09T19:08:36.894852+0300]
[DEBUG]-[2022-08-09T19:08:39.082784+0300]
[DEBUG]-[2022-08-09T19:08:39.670272+0300]
[DEBUG]-[2022-08-09T19:10:03.688152+0300]
[DEBUG]-[2022-08-09T19:10:18.953032+0300]
[DEBUG]-[2022-08-09T19:10:34.013900+0300]
[DEBUG]-[2022-08-09T19:10:35.227454+0300]
[DEBUG]-[2022-08-09T19:10:37.136798+0300]
[WARNING]-[2022-08-09T19:33:53.475198+0300]
[INFO]-[2022-08-09T19:42:31.970459+0300]
[WARNING]-[2022-08-09T19:42:55.288523+0300]
[INFO]-[2022-08-09T19:42:57.139653+0300]
[WARNING]-[2022-08-09T19:43:05.776396+0300]
[INFO]-[2022-08-09T19:43:07.857044+0300]
[DEBUG]-[2022-08-09T19:43:12.301962+0300]
[DEBUG]-[2022-08-09T19:43:14.141686+0300]
[WARNING]-[2022-08-09T20:08:46.833564+0300]
[INFO]-[2022-08-09T20:08:50.159098+0300]
[WARNING]-[2022-08-09T20:08:59.305507+0300]
[INFO]-[2022-08-09T20:09:01.176233+0300]
[DEBUG]-[2022-08-09T20:09:05.763929+0300]
[WARNING]-[2022-08-09T20:09:18.361599+0300]
[INFO]-[2022-08-09T20:09:22.843363+0300]
[DEBUG]-[2022-08-09T20:09:24.193657+0300]
[WARNING]-[2022-08-09T20:15:41.975850+0300]
[INFO]-[2022-08-09T20:15:45.259901+0300]
[DEBUG]-[2022-08-09T20:16:00.444925+0300]
[DEBUG]-[2022-08-09T20:16:01.563242+0300]
[DEBUG]-[2022-08-09T20:16:02.510077+0300]
[DEBUG]-[2022-08-09T20:16:03.881522+0300]
[DEBUG]-[2022-08-09T20:16:29.549849+0300]
[DEBUG]-[2022-08-09T20:16:50.512379+0300]
[DEBUG]-[2022-08-09T20:16:52.415523+0300]
[DEBUG]-[2022-08-09T20:16:52.949412+0300]
[WARNING]-[2022-08-09T20:17:38.663029+0300]
[INFO]-[2022-08-09T20:17:42.569860+0300]
[DEBUG]-[2022-08-09T20:17:44.171115+0300]
[DEBUG]-[2022-08-09T20:17:45.259460+0300]
[DEBUG]-[2022-08-09T20:17:46.117435+0300]
[WARNING]-[2022-08-09T20:17:51.070903+0300]
[INFO]-[2022-08-09T20:19:19.631888+0300]
[DEBUG]-[2022-08-09T20:19:21.687786+0300]
[WARNING]-[2022-08-09T20:19:26.382363+0300]
[INFO]-[2022-08-09T20:20:48.667914+0300]
[DEBUG]-[2022-08-09T20:20:49.728142+0300]
[DEBUG]-[2022-08-09T20:20:55.147992+0300]
[WARNING]-[2022-08-09T20:21:23.878106+0300]
[INFO]-[2022-08-09T20:21:25.716151+0300]
[DEBUG]-[2022-08-09T20:21:26.991400+0300]
[WARNING]-[2022-08-09T20:22:01.181678+0300]
[INFO]-[2022-08-09T20:22:03.058318+0300]
[DEBUG]-[2022-08-09T20:22:04.520115+0300]
[DEBUG]-[2022-08-09T20:22:06.303923+0300]
[DEBUG]-[2022-08-09T20:22:28.963193+0300]
[DEBUG]-[2022-08-09T20:22:30.526278+0300]
[DEBUG]-[2022-08-09T20:22:31.536700+0300]
[DEBUG]-[2022-08-09T20:22:43.876594+0300]
[DEBUG]-[2022-08-09T20:22:47.189713+0300]
[DEBUG]-[2022-08-09T20:22:51.497112+0300]
[WARNING]-[2022-08-09T20:23:14.478030+0300]
[INFO]-[2022-08-09T20:23:16.699809+0300]
[DEBUG]-[2022-08-09T20:23:19.843774+0300]
[DEBUG]-[2022-08-09T20:23:21.597373+0300]
[DEBUG]-[2022-08-09T20:23:22.816838+0300]
[DEBUG]-[2022-08-09T20:23:23.525920+0300]
[WARNING]-[2022-08-09T21:08:57.953030+0300]
[INFO]-[2022-08-09T21:11:24.761688+0300]
[DEBUG]-[2022-08-09T21:11:28.400386+0300]
[DEBUG]-[2022-08-09T21:11:29.573496+0300]
[DEBUG]-[2022-08-09T21:11:39.952031+0300]
[WARNING]-[2022-08-09T21:27:25.420017+0300]
[INFO]-[2022-08-09T21:27:27.332854+0300]
[DEBUG]-[2022-08-09T21:27:29.240795+0300]
[DEBUG]-[2022-08-09T21:27:30.411470+0300]
[DEBUG]-[2022-08-09T21:27:31.336695+0300]
[DEBUG]-[2022-08-09T21:27:32.192048+0300]
[DEBUG]-[2022-08-09T21:27:33.105940+0300]
[WARNING]-[2022-08-09T21:27:44.619620+0300]
[INFO]-[2022-08-09T21:27:46.691056+0300]
[DEBUG]-[2022-08-09T21:28:00.361231+0300]
[DEBUG]-[2022-08-09T21:28:01.149575+0300]
[DEBUG]-[2022-08-09T21:28:01.802780+0300]
[DEBUG]-[2022-08-09T21:28:02.650576+0300]
[DEBUG]-[2022-08-09T21:28:04.165229+0300]
[DEBUG]-[2022-08-09T21:28:06.179360+0300]
[DEBUG]-[2022-08-09T21:28:14.844369+0300]
[DEBUG]-[2022-08-09T21:28:15.567665+0300]
[DEBUG]-[2022-08-09T21:28:16.764778+0300]
[DEBUG]-[2022-08-09T21:28:17.240399+0300]
[DEBUG]-[2022-08-09T21:28:17.796265+0300]
[DEBUG]-[2022-08-09T21:28:19.183895+0300]
[WARNING]-[2022-08-09T21:28:36.747302+0300]
[INFO]-[2022-08-09T21:28:38.969291+0300]
[DEBUG]-[2022-08-09T21:28:40.486405+0300]
[DEBUG]-[2022-08-09T21:28:41.586001+0300]
[DEBUG]-[2022-08-09T21:28:42.750356+0300]
[DEBUG]-[2022-08-09T21:28:43.383280+0300]
[WARNING]-[2022-08-09T21:29:28.435154+0300]
[INFO]-[2022-08-09T21:30:27.953598+0300]
[DEBUG]-[2022-08-09T21:30:30.429598+0300]
[DEBUG]-[2022-08-09T21:30:31.091395+0300]
[DEBUG]-[2022-08-09T21:30:31.877823+0300]
[DEBUG]-[2022-08-09T21:30:33.348324+0300]
[DEBUG]-[2022-08-09T21:30:34.115602+0300]
[DEBUG]-[2022-08-09T21:30:34.709004+0300]
[WARNING]-[2022-08-09T23:05:08.681145+0300]
[INFO]-[2022-08-09T23:05:11.136641+0300]
[DEBUG]-[2022-08-09T23:05:18.857401+0300]
[DEBUG]-[2022-08-09T23:05:19.567279+0300]
[DEBUG]-[2022-08-09T23:05:20.376958+0300]
[DEBUG]-[2022-08-09T23:05:21.594467+0300]
[DEBUG]-[2022-08-09T23:05:22.277835+0300]
[DEBUG]-[2022-08-09T23:05:22.909951+0300]
[WARNING]-[2022-08-09T23:27:34.370997+0300]
[INFO]-[2022-08-09T23:27:36.346938+0300]
[WARNING]-[2022-08-09T23:27:38.154645+0300]
[INFO]-[2022-08-09T23:27:52.211539+0300]
[WARNING]-[2022-08-09T23:27:54.187414+0300]
[INFO]-[2022-08-09T23:32:02.488467+0300]
[WARNING]-[2022-08-09T23:32:03.289448+0300]
[INFO]-[2022-08-09T23:32:11.284615+0300]
[WARNING]-[2022-08-09T23:32:13.643317+0300]
[INFO]-[2022-08-09T23:32:25.583996+0300]
[WARNING]-[2022-08-09T23:32:41.657338+0300]
[INFO]-[2022-08-09T23:32:44.150549+0300]
[WARNING]-[2022-08-09T23:32:45.809142+0300]
[INFO]-[2022-08-09T23:33:19.206707+0300]
[WARNING]-[2022-08-09T23:34:11.400881+0300]
[INFO]-[2022-08-09T23:34:13.173909+0300]
[WARNING]-[2022-08-09T23:34:14.081167+0300]
[INFO]-[2022-08-09T23:34:21.673347+0300]
[WARNING]-[2022-08-09T23:34:22.065638+0300]
[INFO]-[2022-08-09T23:35:31.332621+0300]
[WARNING]-[2022-08-09T23:35:37.656616+0300]
[INFO]-[2022-08-09T23:35:39.539564+0300]
[WARNING]-[2022-08-09T23:35:40.016592+0300]
[INFO]-[2022-08-09T23:36:57.975650+0300]
[WARNING]-[2022-08-09T23:36:58.688102+0300]
[INFO]-[2022-08-09T23:49:40.172273+0300]
[WARNING]-[2022-08-09T23:49:53.380825+0300]
[INFO]-[2022-08-09T23:49:55.404923+0300]
[DEBUG]-[2022-08-09T23:49:56.663594+0300]
[WARNING]-[2022-08-09T23:55:43.923183+0300]
[INFO]-[2022-08-09T23:55:45.833930+0300]
[DEBUG]-[2022-08-09T23:55:48.265923+0300]
[DEBUG]-[2022-08-09T23:55:49.474825+0300]
[DEBUG]-[2022-08-09T23:56:02.039019+0300]
[WARNING]-[2022-08-09T23:56:53.442551+0300]
[INFO]-[2022-08-09T23:56:55.294576+0300]
[DEBUG]-[2022-08-09T23:56:56.969601+0300]
[DEBUG]-[2022-08-09T23:56:57.650116+0300]
[DEBUG]-[2022-08-09T23:57:00.063044+0300]
[WARNING]-[2022-08-09T23:57:48.402461+0300]
[INFO]-[2022-08-09T23:57:50.146543+0300]
[DEBUG]-[2022-08-09T23:58:03.113106+0300]
[DEBUG]-[2022-08-09T23:58:03.721664+0300]
[DEBUG]-[2022-08-09T23:58:06.730570+0300]
[DEBUG]-[2022-08-09T23:58:41.151990+0300]
[DEBUG]-[2022-08-09T23:58:42.269016+0300]
[DEBUG]-[2022-08-09T23:58:42.864462+0300]
[DEBUG]-[2022-08-09T23:58:52.400826+0300]
[DEBUG]-[2022-08-09T23:58:53.378983+0300]
[WARNING]-[2022-08-09T23:59:09.946152+0300]
[INFO]-[2022-08-09T23:59:11.910048+0300]
[DEBUG]-[2022-08-09T23:59:53.906010+0300]
[DEBUG]-[2022-08-09T23:59:54.524542+0300]
[DEBUG]-[2022-08-10T00:00:05.675031+0300]
[DEBUG]-[2022-08-10T00:00:06.340983+0300]
[DEBUG]-[2022-08-10T00:00:13.116411+0300]
[DEBUG]-[2022-08-10T00:00:13.816696+0300]
[WARNING]-[2022-08-10T00:03:36.088945+0300]
[INFO]-[2022-08-10T01:11:02.499286+0300]
[WARNING]-[2022-08-10T01:11:03.695964+0300]
[INFO]-[2022-08-10T01:30:39.458441+0300]
[WARNING]-[2022-08-10T01:30:40.717356+0300]
[INFO]-[2022-08-10T01:30:51.832343+0300]
[WARNING]-[2022-08-10T01:30:52.494093+0300]
[INFO]-[2022-08-10T01:32:40.497208+0300]
[WARNING]-[2022-08-10T01:32:41.824308+0300]
[INFO]-[2022-08-10T01:33:31.422001+0300]
[WARNING]-[2022-08-10T01:33:36.643568+0300]
[INFO]-[2022-08-10T01:33:40.371909+0300]
[WARNING]-[2022-08-10T01:34:15.078655+0300]
[INFO]-[2022-08-10T01:34:18.623740+0300]
[WARNING]-[2022-08-10T01:34:20.917160+0300]
[INFO]-[2022-08-10T01:35:05.857967+0300]
[WARNING]-[2022-08-10T01:35:06.413839+0300]
[INFO]-[2022-08-10T01:46:27.737544+0300]
[DEBUG]-[2022-08-10T01:46:37.951307+0300]
[DEBUG]-[2022-08-10T01:46:39.937569+0300]
[DEBUG]-[2022-08-10T01:46:42.843387+0300]
[WARNING]-[2022-08-10T01:47:40.434229+0300]
[INFO]-[2022-08-10T01:47:44.057424+0300]
[DEBUG]-[2022-08-10T01:47:47.852082+0300]
[DEBUG]-[2022-08-10T01:47:49.251440+0300]
[DEBUG]-[2022-08-10T01:47:51.049316+0300]
[DEBUG]-[2022-08-10T01:48:04.414398+0300]
[DEBUG]-[2022-08-10T01:48:06.337965+0300]
[WARNING]-[2022-08-10T01:57:58.887579+0300]
[INFO]-[2022-08-10T01:58:59.983101+0300]
[WARNING]-[2022-08-10T01:59:03.551264+0300]
[INFO]-[2022-08-10T01:59:18.399760+0300]
[WARNING]-[2022-08-10T01:59:29.088547+0300]
[INFO]-[2022-08-10T01:59:32.213825+0300]
[WARNING]-[2022-08-10T01:59:39.392630+0300]
[INFO]-[2022-08-10T01:59:43.147439+0300]
[WARNING]-[2022-08-10T01:59:54.614825+0300]
[INFO]-[2022-08-10T01:59:57.910445+0300]
[WARNING]-[2022-08-10T02:00:50.979220+0300]
[INFO]-[2022-08-10T02:00:54.030345+0300]
[WARNING]-[2022-08-10T02:01:04.513604+0300]
[INFO]-[2022-08-10T02:01:09.358804+0300]
[WARNING]-[2022-08-10T02:01:16.654871+0300]
[INFO]-[2022-08-10T02:01:20.004544+0300]
[WARNING]-[2022-08-10T02:04:08.500970+0300]
[INFO]-[2022-08-10T02:04:11.541177+0300]
[WARNING]-[2022-08-10T02:04:16.415620+0300]
[INFO]-[2022-08-10T02:04:19.957329+0300]
[WARNING]-[2022-08-10T02:04:21.354841+0300]
[INFO]-[2022-08-10T02:04:37.291311+0300]
[WARNING]-[2022-08-10T02:04:52.062128+0300]
[INFO]-[2022-08-10T02:06:33.871448+0300]
[WARNING]-[2022-08-10T02:06:38.784558+0300]
[INFO]-[2022-08-10T02:06:49.050321+0300]
[WARNING]-[2022-08-10T02:06:51.652297+0300]
[INFO]-[2022-08-10T02:14:31.616513+0300]
[WARNING]-[2022-08-10T02:14:32.928992+0300]
[INFO]-[2022-08-10T02:15:00.972453+0300]
[WARNING]-[2022-08-10T02:15:30.925584+0300]
[INFO]-[2022-08-10T02:15:33.186349+0300]
[WARNING]-[2022-08-10T02:15:58.072949+0300]
[INFO]-[2022-08-10T02:16:00.381872+0300]
[WARNING]-[2022-08-10T02:16:10.212426+0300]
[INFO]-[2022-08-10T02:16:14.269775+0300]
[WARNING]-[2022-08-10T02:17:19.089088+0300]
[INFO]-[2022-08-10T02:17:22.833335+0300]
[WARNING]-[2022-08-10T02:17:36.220827+0300]
[INFO]-[2022-08-10T02:17:40.145512+0300]
[WARNING]-[2022-08-10T02:17:40.626198+0300]
[INFO]-[2022-08-10T02:20:11.041627+0300]
[WARNING]-[2022-08-10T02:21:01.411875+0300]
[INFO]-[2022-08-10T02:21:03.705418+0300]
[WARNING]-[2022-08-10T02:21:07.268129+0300]
[INFO]-[2022-08-10T02:22:56.701200+0300]
[WARNING]-[2022-08-10T02:23:13.784947+0300]
[INFO]-[2022-08-10T02:23:16.616244+0300]
[WARNING]-[2022-08-10T02:23:44.009642+0300]
[INFO]-[2022-08-10T02:23:57.460648+0300]
[WARNING]-[2022-08-10T02:24:03.690569+0300]
[INFO]-[2022-08-10T02:24:06.932946+0300]
[WARNING]-[2022-08-10T02:24:12.267093+0300]
[INFO]-[2022-08-10T02:24:15.371481+0300]
[WARNING]-[2022-08-10T02:24:28.366959+0300]
[INFO]-[2022-08-10T02:24:32.779317+0300]
[WARNING]-[2022-08-10T02:24:57.217793+0300]
[INFO]-[2022-08-10T02:25:00.140224+0300]
[WARNING]-[2022-08-10T02:25:00.407099+0300]
[INFO]-[2022-08-10T02:25:11.746327+0300]
[WARNING]-[2022-08-10T02:26:12.313660+0300]
[INFO]-[2022-08-10T02:26:56.837537+0300]
[DEBUG]-[2022-08-10T02:26:59.476616+0300]
[DEBUG]-[2022-08-10T02:27:01.391982+0300]
[WARNING]-[2022-08-10T02:27:17.233049+0300]
[INFO]-[2022-08-10T02:27:21.062378+0300]
[DEBUG]-[2022-08-10T02:27:21.371275+0300]
[DEBUG]-[2022-08-10T02:27:25.580114+0300]
[DEBUG]-[2022-08-10T02:27:26.803621+0300]
[WARNING]-[2022-08-10T02:29:12.458685+0300]
[INFO]-[2022-08-10T02:29:16.096535+0300]
[DEBUG]-[2022-08-10T02:29:18.643034+0300]
[DEBUG]-[2022-08-10T02:29:20.178845+0300]
[WARNING]-[2022-08-10T02:33:10.439092+0300]
[INFO]-[2022-08-10T02:33:14.780350+0300]
[DEBUG]-[2022-08-10T02:33:20.312390+0300]
[DEBUG]-[2022-08-10T02:33:21.497336+0300]
[WARNING]-[2022-08-10T02:56:16.156476+0300]
